0 info it worked if it ends with ok
1 verbose cli [ 'node', '/usr/local/bin/npm', 'install', 'child_process' ]
2 info using npm@2.11.3
3 info using node@v0.12.2
4 verbose install initial load of /home/jack/soft/socketjs/package.json
5 verbose installManyTop reading scoped package data from /home/jack/soft/socketjs/node_modules/express/package.json
6 verbose installManyTop reading scoped package data from /home/jack/soft/socketjs/node_modules/fs/package.json
7 verbose installManyTop reading scoped package data from /home/jack/soft/socketjs/node_modules/mkdirp/package.json
8 verbose installManyTop reading scoped package data from /home/jack/soft/socketjs/node_modules/socket.io/package.json
9 info package.json socket.io@1.3.6 No license field.
10 info package.json fs@0.0.2 fs is also the name of a node core module.
11 info package.json fs@0.0.2 No description
12 info package.json fs@0.0.2 No repository field.
13 info package.json fs@0.0.2 No README data
14 verbose readDependencies loading dependencies from /home/jack/soft/socketjs/package.json
15 silly cache add args [ 'child_process', null ]
16 verbose cache add spec child_process
17 silly cache add parsed spec { raw: 'child_process',
17 silly cache add   scope: null,
17 silly cache add   name: 'child_process',
17 silly cache add   rawSpec: '',
17 silly cache add   spec: '*',
17 silly cache add   type: 'range' }
18 silly addNamed child_process@*
19 verbose addNamed "*" is a valid semver range for child_process
20 silly addNameRange { name: 'child_process', range: '*', hasData: false }
21 silly mapToRegistry name child_process
22 silly mapToRegistry using default registry
23 silly mapToRegistry registry https://registry.npmjs.org/
24 silly mapToRegistry uri https://registry.npmjs.org/child_process
25 verbose addNameRange registry:https://registry.npmjs.org/child_process not in flight; fetching
26 verbose request uri https://registry.npmjs.org/child_process
27 verbose request no auth needed
28 info attempt registry request try #1 at 09:41:16
29 verbose request id badd1d91fc76ba8d
30 http request GET https://registry.npmjs.org/child_process
31 http 404 https://registry.npmjs.org/child_process
32 verbose headers { 'content-type': 'application/json',
32 verbose headers   'cache-control': 'max-age=0',
32 verbose headers   'content-length': '2',
32 verbose headers   'accept-ranges': 'bytes',
32 verbose headers   date: 'Fri, 11 Sep 2015 01:41:14 GMT',
32 verbose headers   via: '1.1 varnish',
32 verbose headers   age: '0',
32 verbose headers   connection: 'keep-alive',
32 verbose headers   'x-served-by': 'cache-nrt6127-NRT',
32 verbose headers   'x-cache': 'MISS',
32 verbose headers   'x-cache-hits': '0',
32 verbose headers   'x-timer': 'S1441935673.464947,VS0,VE767' }
33 silly get cb [ 404,
33 silly get   { 'content-type': 'application/json',
33 silly get     'cache-control': 'max-age=0',
33 silly get     'content-length': '2',
33 silly get     'accept-ranges': 'bytes',
33 silly get     date: 'Fri, 11 Sep 2015 01:41:14 GMT',
33 silly get     via: '1.1 varnish',
33 silly get     age: '0',
33 silly get     connection: 'keep-alive',
33 silly get     'x-served-by': 'cache-nrt6127-NRT',
33 silly get     'x-cache': 'MISS',
33 silly get     'x-cache-hits': '0',
33 silly get     'x-timer': 'S1441935673.464947,VS0,VE767' } ]
34 verbose stack Error: Registry returned 404 for GET on https://registry.npmjs.org/child_process
34 verbose stack     at CachingRegistryClient.<anonymous> (/usr/local/lib/node_modules/npm/node_modules/npm-registry-client/lib/request.js:239:14)
34 verbose stack     at Request._callback (/usr/local/lib/node_modules/npm/node_modules/npm-registry-client/lib/request.js:170:14)
34 verbose stack     at Request.self.callback (/usr/local/lib/node_modules/npm/node_modules/request/request.js:354:22)
34 verbose stack     at Request.emit (events.js:110:17)
34 verbose stack     at Request.<anonymous> (/usr/local/lib/node_modules/npm/node_modules/request/request.js:1207:14)
34 verbose stack     at Request.emit (events.js:129:20)
34 verbose stack     at IncomingMessage.<anonymous> (/usr/local/lib/node_modules/npm/node_modules/request/request.js:1153:12)
34 verbose stack     at IncomingMessage.emit (events.js:129:20)
34 verbose stack     at _stream_readable.js:908:16
34 verbose stack     at process._tickCallback (node.js:355:11)
35 verbose statusCode 404
36 verbose pkgid child_process
37 verbose cwd /home/jack/soft/socketjs
38 error Linux 4.0.1-1-ARCH
39 error argv "node" "/usr/local/bin/npm" "install" "child_process"
40 error node v0.12.2
41 error npm  v2.11.3
42 error code E404
43 error 404 Registry returned 404 for GET on https://registry.npmjs.org/child_process
43 error 404
43 error 404 'child_process' is not in the npm registry.
43 error 404 Your package name is not valid, because
43 error 404
43 error 404  1. child_process is a core module name
43 error 404
43 error 404 Note that you can also install from a
43 error 404 tarball, folder, http url, or git url.
44 verbose exit [ 1, true ]
